Validating found git in: git
Using git 2.30.2 from git
> git rev-parse --git-dir
Open repository: /home/antoni/Belajar/web/accurate
> git status -z -u
> git symbolic-ref --short HEAD
> git for-each-ref --format=%(refname)%00%(upstream:short)%00%(objectname)%00%(upstream:track) refs/heads/master refs/remotes/master
> git for-each-ref --sort -committerdate --format %(refname) %(objectname) %(*objectname)
> git remote --verbose
> git config --get commit.template
> git check-ignore -v -z --stdin
> git show --textconv :backend/index.js
> git ls-files --stage -- /home/antoni/Belajar/web/accurate/backend/index.js
> git check-ignore -v -z --stdin
> git show --textconv :backend/models/banner.js
> git ls-files --stage -- /home/antoni/Belajar/web/accurate/backend/models/banner.js
> git show --textconv :backend/models/index.js
> git ls-files --stage -- /home/antoni/Belajar/web/accurate/backend/models/index.js
> git check-ignore -v -z --stdin
> git show --textconv :backend/config/config.json
> git ls-files --stage -- /home/antoni/Belajar/web/accurate/backend/config/config.json
> git show --textconv :backend/package.json
> git ls-files --stage -- /home/antoni/Belajar/web/accurate/backend/package.json
> git check-ignore -v -z --stdin
> git show --textconv :backend/migrations/20210213010208-create-konfig.js
> git ls-files --stage -- /home/antoni/Belajar/web/accurate/backend/migrations/20210213010208-create-konfig.js
> git show --textconv :backend/migrations/20210419005018-create-user.js
> git ls-files --stage -- /home/antoni/Belajar/web/accurate/backend/migrations/20210419005018-create-user.js
> git show --textconv :backend/migrations/20210419085805-create-banner.js
> git ls-files --stage -- /home/antoni/Belajar/web/accurate/backend/migrations/20210419085805-create-banner.js
> git show --textconv :backend/index.js
> git ls-files --stage -- /home/antoni/Belajar/web/accurate/backend/index.js
